<?xml version="1.0" encoding="UTF-8"?>
<!-- Generated by org.testng.reporters.JUnitXMLReporter -->
<testsuite ignored="0" hostname="DESKTOP-1EIMO2O" failures="1" tests="1" name="Default test(failed)" time="0.031" errors="0" timestamp="2023-08-08T19:06:38 IST">
  <testcase classname="testNGAsserts.AssertEqualStudy" name="f" time="0.015">
    <failure type="java.lang.AssertionError" message="String is not matching expected [pune1] but found [pune]">
      <![CDATA[java.lang.AssertionError: String is not matching expected [pune1] but found [pune]
at testNGAsserts.AssertEqualStudy.f(AssertEqualStudy.java:25)
at java.base/java.util.ArrayList.forEach(ArrayList.java:1541)
... Removed 32 stack frames]]>
    </failure>
  </testcase> <!-- f -->
</testsuite> <!-- Default test(failed) -->
